<?xml version="1.0" encoding="UTF-8"?>
<testsuite name="com.example.project.TestBookStore" tests="6" skipped="0" failures="0" errors="0" timestamp="2025-01-26T23:35:26" hostname="codespaces-da09a5" time="0.069">
  <properties/>
  <testcase name="testAddBook()" classname="com.example.project.TestBookStore" time="0.018"/>
  <testcase name="testAddUser()" classname="com.example.project.TestBookStore" time="0.007"/>
  <testcase name="testInsertBooK()" classname="com.example.project.TestBookStore" time="0.001"/>
  <testcase name="testRemoveBook()" classname="com.example.project.TestBookStore" time="0.009"/>
  <testcase name="testRemoveUser()" classname="com.example.project.TestBookStore" time="0.013"/>
  <testcase name="testConsolidateUsers()" classname="com.example.project.TestBookStore" time="0.004"/>
  <system-out><![CDATA[]]></system-out>
  <system-err><![CDATA[]]></system-err>
</testsuite>
